<?xml version="1.0" encoding="UTF-8"?>
<!-- Generated by org.testng.reporters.JUnitXMLReporter -->
<testsuite hostname="Irinas-MacBook-Pro.local" ignored="0" name="Surefire test" tests="10" failures="5" timestamp="2020-06-19T14:09:33 IST" time="0.192" errors="0">
  <testcase name="@BeforeMethod setup" time="-1.592572173369E9" classname="grid.BaseTest">
    <failure type="org.testng.TestNGException" message="
Parameter &amp;apos;browser&amp;apos; is required by BeforeMethod on method setup but has not been marked @Optional or defined
">
      <![CDATA[org.testng.TestNGException: 
Parameter 'browser' is required by BeforeMethod on method setup but has not been marked @Optional or defined

at java.util.ArrayList.forEach(ArrayList.java:1257)
... Removed 33 stack frames]]>
    </failure>
  </testcase> <!-- @BeforeMethod setup -->
  <testcase name="@AfterMethod tearDown" time="-1.59257217338E9" classname="grid.BaseTest">
    <skipped/>
  </testcase> <!-- @AfterMethod tearDown -->
  <testcase name="@BeforeMethod setup" time="-1.592572173382E9" classname="grid.BaseTest">
    <skipped/>
  </testcase> <!-- @BeforeMethod setup -->
  <testcase name="@AfterMethod tearDown" time="-1.592572173383E9" classname="grid.BaseTest">
    <skipped/>
  </testcase> <!-- @AfterMethod tearDown -->
  <testcase name="@BeforeMethod setup" time="-1.592572173385E9" classname="grid.BaseTest">
    <skipped/>
  </testcase> <!-- @BeforeMethod setup -->
  <testcase name="@AfterMethod tearDown" time="-1.592572173396E9" classname="grid.BaseTest">
    <skipped/>
  </testcase> <!-- @AfterMethod tearDown -->
  <testcase name="@AfterClass terminate" time="-1.592572173397E9" classname="grid.BaseTest">
    <skipped/>
  </testcase> <!-- @AfterClass terminate -->
  <testcase name="@BeforeMethod setup" time="-1.592572173398E9" classname="grid.BaseTest">
    <failure type="org.testng.TestNGException" message="
Parameter &amp;apos;browser&amp;apos; is required by BeforeMethod on method setup but has not been marked @Optional or defined
">
      <![CDATA[org.testng.TestNGException: 
Parameter 'browser' is required by BeforeMethod on method setup but has not been marked @Optional or defined

at java.util.ArrayList.forEach(ArrayList.java:1257)
... Removed 33 stack frames]]>
    </failure>
  </testcase> <!-- @BeforeMethod setup -->
  <testcase name="@AfterMethod tearDown" time="-1.592572173399E9" classname="grid.BaseTest">
    <skipped/>
  </testcase> <!-- @AfterMethod tearDown -->
  <testcase name="@BeforeMethod setup" time="-1.592572173401E9" classname="grid.BaseTest">
    <skipped/>
  </testcase> <!-- @BeforeMethod setup -->
  <testcase name="@AfterMethod tearDown" time="-1.592572173402E9" classname="grid.BaseTest">
    <skipped/>
  </testcase> <!-- @AfterMethod tearDown -->
  <testcase name="@AfterClass terminate" time="-1.592572173403E9" classname="grid.BaseTest">
    <skipped/>
  </testcase> <!-- @AfterClass terminate -->
  <testcase name="paralelTest" time="0.0" classname="parallel.TestParallelNG">
    <failure type="org.testng.TestNGException" message="
Parameter &amp;apos;browser&amp;apos; is required by @Test on method paralelTest but has not been marked @Optional or defined
">
      <![CDATA[org.testng.TestNGException: 
Parameter 'browser' is required by @Test on method paralelTest but has not been marked @Optional or defined

at java.util.ArrayList.forEach(ArrayList.java:1257)
... Removed 31 stack frames]]>
    </failure>
  </testcase> <!-- paralelTest -->
  <testcase name="paralelTest1" time="0.0" classname="parallel.TestParallelNG">
    <failure type="org.testng.TestNGException" message="
Parameter &amp;apos;browser&amp;apos; is required by @Test on method paralelTest1 but has not been marked @Optional or defined
">
      <![CDATA[org.testng.TestNGException: 
Parameter 'browser' is required by @Test on method paralelTest1 but has not been marked @Optional or defined

at java.util.ArrayList.forEach(ArrayList.java:1257)
... Removed 31 stack frames]]>
    </failure>
  </testcase> <!-- paralelTest1 -->
  <testcase name="paralelTest3" time="0.0" classname="parallel.TestParallelNG">
    <failure type="org.testng.TestNGException" message="
Parameter &amp;apos;browser&amp;apos; is required by @Test on method paralelTest3 but has not been marked @Optional or defined
">
      <![CDATA[org.testng.TestNGException: 
Parameter 'browser' is required by @Test on method paralelTest3 but has not been marked @Optional or defined

at java.util.ArrayList.forEach(ArrayList.java:1257)
... Removed 31 stack frames]]>
    </failure>
  </testcase> <!-- paralelTest3 -->
  <testcase name="paralelTest4" time="0.0" classname="parallel.TestParallelNG">
    <failure type="org.testng.TestNGException" message="
Parameter &amp;apos;browser&amp;apos; is required by @Test on method paralelTest4 but has not been marked @Optional or defined
">
      <![CDATA[org.testng.TestNGException: 
Parameter 'browser' is required by @Test on method paralelTest4 but has not been marked @Optional or defined

at java.util.ArrayList.forEach(ArrayList.java:1257)
... Removed 31 stack frames]]>
    </failure>
  </testcase> <!-- paralelTest4 -->
  <testcase name="paralelTest5" time="0.0" classname="parallel.TestParallelNG">
    <failure type="org.testng.TestNGException" message="
Parameter &amp;apos;browser&amp;apos; is required by @Test on method paralelTest5 but has not been marked @Optional or defined
">
      <![CDATA[org.testng.TestNGException: 
Parameter 'browser' is required by @Test on method paralelTest5 but has not been marked @Optional or defined

at java.util.ArrayList.forEach(ArrayList.java:1257)
... Removed 31 stack frames]]>
    </failure>
  </testcase> <!-- paralelTest5 -->
  <testcase name="GOOGLE1" time="0.0" classname="grid.FirstTest">
    <skipped/>
  </testcase> <!-- GOOGLE1 -->
  <testcase name="GOOGLE2" time="0.0" classname="grid.FirstTest">
    <skipped/>
  </testcase> <!-- GOOGLE2 -->
  <testcase name="GOOGLE3" time="0.0" classname="grid.FirstTest">
    <skipped/>
  </testcase> <!-- GOOGLE3 -->
  <testcase name="GOOGLE4" time="0.0" classname="grid.SecondTest">
    <skipped/>
  </testcase> <!-- GOOGLE4 -->
  <testcase name="YANDEX" time="0.0" classname="grid.SecondTest">
    <skipped/>
  </testcase> <!-- YANDEX -->
</testsuite> <!-- Surefire test -->
